<?xml version="1.0" encoding="UTF-8"?>
<testsuite name="com.capitalone.dashboard.model.GitlabGitRepoTest" time="0.007" tests="2" errors="0" skipped="0" failures="0">
  <properties>
    <property name="java.vendor" value="IBM Corporation"/>
    <property name="sun.java.launcher" value="SUN_STANDARD"/>
    <property name="os.name" value="Linux"/>
    <property name="sun.boot.class.path" value="/usr/lib/jvm/java-1.8.0-ibm-1.8.0.5.5-1jpp.2.el7.x86_64/jre/lib/amd64/compressedrefs/jclSC180/vm.jar:/usr/lib/jvm/java-1.8.0-ibm-1.8.0.5.5-1jpp.2.el7.x86_64/jre/lib/se-service.jar:/usr/lib/jvm/java-1.8.0-ibm-1.8.0.5.5-1jpp.2.el7.x86_64/jre/lib/cuda4j.jar:/usr/lib/jvm/java-1.8.0-ibm-1.8.0.5.5-1jpp.2.el7.x86_64/jre/lib/math.jar:/usr/lib/jvm/java-1.8.0-ibm-1.8.0.5.5-1jpp.2.el7.x86_64/jre/lib/ibmorb.jar:/usr/lib/jvm/java-1.8.0-ibm-1.8.0.5.5-1jpp.2.el7.x86_64/jre/lib/ibmorbapi.jar:/usr/lib/jvm/java-1.8.0-ibm-1.8.0.5.5-1jpp.2.el7.x86_64/jre/lib/ibmcfw.jar:/usr/lib/jvm/java-1.8.0-ibm-1.8.0.5.5-1jpp.2.el7.x86_64/jre/lib/ibmpkcs.jar:/usr/lib/jvm/java-1.8.0-ibm-1.8.0.5.5-1jpp.2.el7.x86_64/jre/lib/ibmcertpathfw.jar:/usr/lib/jvm/java-1.8.0-ibm-1.8.0.5.5-1jpp.2.el7.x86_64/jre/lib/ibmjgssfw.jar:/usr/lib/jvm/java-1.8.0-ibm-1.8.0.5.5-1jpp.2.el7.x86_64/jre/lib/ibmjssefw.jar:/usr/lib/jvm/java-1.8.0-ibm-1.8.0.5.5-1jpp.2.el7.x86_64/jre/lib/ibmsaslfw.jar:/usr/lib/jvm/java-1.8.0-ibm-1.8.0.5.5-1jpp.2.el7.x86_64/jre/lib/ibmjcefw.jar:/usr/lib/jvm/java-1.8.0-ibm-1.8.0.5.5-1jpp.2.el7.x86_64/jre/lib/ibmjgssprovider.jar:/usr/lib/jvm/java-1.8.0-ibm-1.8.0.5.5-1jpp.2.el7.x86_64/jre/lib/ibmjsseprovider2.jar:/usr/lib/jvm/java-1.8.0-ibm-1.8.0.5.5-1jpp.2.el7.x86_64/jre/lib/ibmcertpathprovider.jar:/usr/lib/jvm/java-1.8.0-ibm-1.8.0.5.5-1jpp.2.el7.x86_64/jre/lib/xmldsigfw.jar:/usr/lib/jvm/java-1.8.0-ibm-1.8.0.5.5-1jpp.2.el7.x86_64/jre/lib/xml.jar:/usr/lib/jvm/java-1.8.0-ibm-1.8.0.5.5-1jpp.2.el7.x86_64/jre/lib/charsets.jar:/usr/lib/jvm/java-1.8.0-ibm-1.8.0.5.5-1jpp.2.el7.x86_64/jre/lib/resources.jar:/usr/lib/jvm/java-1.8.0-ibm-1.8.0.5.5-1jpp.2.el7.x86_64/jre/lib/rt.jar:/usr/lib/jvm/java-1.8.0-ibm-1.8.0.5.5-1jpp.2.el7.x86_64/jre/lib/dataaccess.jar"/>
    <property name="java.vm.specification.vendor" value="Oracle Corporation"/>
    <property name="java.runtime.version" value="8.0.5.5 - pxa6480sr5fp5-20171114_01(SR5 FP5)"/>
    <property name="user.name" value="root"/>
    <property name="java.compiler" value="j9jit29"/>
    <property name="os.encoding" value="UTF-8"/>
    <property name="guice.disable.misplaced.annotation.check" value="true"/>
    <property name="com.ibm.util.extralibs.properties" value=""/>
    <property name="com.ibm.jcl.checkClassPath" value=""/>
    <property name="user.language" value="en"/>
    <property name="com.ibm.oti.vm.bootstrap.library.path" value="/usr/lib/jvm/java-1.8.0-ibm-1.8.0.5.5-1jpp.2.el7.x86_64/jre/lib/amd64/compressedrefs:/usr/lib/jvm/java-1.8.0-ibm-1.8.0.5.5-1jpp.2.el7.x86_64/jre/lib/amd64"/>
    <property name="sun.boot.library.path" value="/usr/lib/jvm/java-1.8.0-ibm-1.8.0.5.5-1jpp.2.el7.x86_64/jre/lib/amd64/compressedrefs:/usr/lib/jvm/java-1.8.0-ibm-1.8.0.5.5-1jpp.2.el7.x86_64/jre/lib/amd64"/>
    <property name="classworlds.conf" value="/usr/share/maven/bin/m2.conf"/>
    <property name="java.version" value="1.8.0_151"/>
    <property name="user.timezone" value="UTC"/>
    <property name="com.ibm.system.agent.path" value="/usr/lib/jvm/java-1.8.0-ibm-1.8.0.5.5-1jpp.2.el7.x86_64/jre/lib/amd64"/>
    <property name="sun.arch.data.model" value="64"/>
    <property name="com.ibm.zero.version" value="2"/>
    <property name="java.endorsed.dirs" value="/usr/lib/jvm/java-1.8.0-ibm-1.8.0.5.5-1jpp.2.el7.x86_64/jre/lib/endorsed"/>
    <property name="com.ibm.oti.vm.library.version" value="29"/>
    <property name="sun.jnu.encoding" value="UTF-8"/>
    <property name="file.encoding.pkg" value="sun.io"/>
    <property name="file.separator" value="/"/>
    <property name="java.specification.name" value="Java Platform API Specification"/>
    <property name="java.class.version" value="52.0"/>
    <property name="user.country" value="US"/>
    <property name="securerandom.source" value="file:/dev/./urandom"/>
    <property name="java.home" value="/usr/lib/jvm/java-1.8.0-ibm-1.8.0.5.5-1jpp.2.el7.x86_64/jre"/>
    <property name="java.vm.info" value="JRE 1.8.0 Linux amd64-64 Compressed References 20171102_369060 (JIT enabled, AOT enabled)&#10;OpenJ9   - 7ade437&#10;OMR      - 1b656cb&#10;IBM      - 59c3d96"/>
    <property name="os.version" value="3.10.0-693.11.1.el7.x86_64"/>
    <property name="java.awt.fonts" value=""/>
    <property name="path.separator" value=":"/>
    <property name="java.vm.version" value="2.9"/>
    <property name="java.util.prefs.PreferencesFactory" value="java.util.prefs.FileSystemPreferencesFactory"/>
    <property name="user.variant" value=""/>
    <property name="java.awt.printerjob" value="sun.print.PSPrinterJob"/>
    <property name="sun.io.unicode.encoding" value="UnicodeLittle"/>
    <property name="awt.toolkit" value="sun.awt.X11.XToolkit"/>
    <property name="ibm.signalhandling.sigint" value="true"/>
    <property name="user.home" value="/root"/>
    <property name="com.ibm.cpu.endian" value="little"/>
    <property name="java.specification.vendor" value="Oracle Corporation"/>
    <property name="ibm.signalhandling.sigchain" value="true"/>
    <property name="java.library.path" value="/usr/lib/jvm/java-1.8.0-ibm-1.8.0.5.5-1jpp.2.el7.x86_64/jre/lib/amd64/compressedrefs:/usr/lib/jvm/java-1.8.0-ibm-1.8.0.5.5-1jpp.2.el7.x86_64/jre/lib/amd64:/usr/lib64:/usr/lib"/>
    <property name="java.vendor.url" value="http://www.ibm.com"/>
    <property name="java.vm.vendor" value="IBM Corporation"/>
    <property name="java.fullversion" value="8.0.5.5 - pxa6480sr5fp5-20171114_01(SR5 FP5)&#10;JRE 1.8.0 IBM J9 2.9 Linux amd64-64 Compressed References 20171102_369060 (JIT enabled, AOT enabled)&#10;OpenJ9   - 7ade437&#10;OMR      - 1b656cb&#10;IBM      - 59c3d96"/>
    <property name="maven.home" value="/usr/share/maven"/>
    <property name="java.runtime.name" value="Java(TM) SE Runtime Environment"/>
    <property name="sun.java.command" value="org.codehaus.plexus.classworlds.launcher.Launcher install"/>
    <property name="java.class.path" value="/usr/share/maven/boot/plexus-classworlds-2.5.2.jar"/>
    <property name="java.vm.specification.name" value="Java Virtual Machine Specification"/>
    <property name="sun.java.launcher.pid" value="2125"/>
    <property name="java.vm.specification.version" value="1.8"/>
    <property name="sun.cpu.endian" value="little"/>
    <property name="java.io.tmpdir" value="/tmp"/>
    <property name="maven.multiModuleProjectDirectory" value="/root/Hygieia"/>
    <property name="ibm.system.encoding" value="UTF-8"/>
    <property name="os.arch" value="amd64"/>
    <property name="java.awt.graphicsenv" value="sun.awt.X11GraphicsEnvironment"/>
    <property name="ibm.signalhandling.rs" value="false"/>
    <property name="java.ext.dirs" value="/usr/lib/jvm/java-1.8.0-ibm-1.8.0.5.5-1jpp.2.el7.x86_64/jre/lib/ext"/>
    <property name="user.dir" value="/root/Hygieia/collectors/scm/gitlab"/>
    <property name="line.separator" value="&#10;"/>
    <property name="java.vm.name" value="IBM J9 VM"/>
    <property name="com.ibm.oti.shared.enabled" value="false"/>
    <property name="com.ibm.vm.bitmode" value="64"/>
    <property name="file.encoding" value="UTF-8"/>
    <property name="com.ibm.oti.configuration" value="scar"/>
    <property name="java.specification.version" value="1.8"/>
  </properties>
  <testcase name="testHashCode" classname="com.capitalone.dashboard.model.GitlabGitRepoTest" time="0.007"/>
  <testcase name="testEquals" classname="com.capitalone.dashboard.model.GitlabGitRepoTest" time="0"/>
</testsuite>